app/build/intermediates/manifest_merge_blame_file/debug/manifest-merger-blame-debug-report.txt
1<?xml version="1.0" encoding="utf-8"?>
2<manifest xmlns:android="http://schemas.android.com/apk/res/android"
3    package="com.example.movieappwithpagination"
4    android:versionCode="1"
5    android:versionName="1.0" >
6
7    <uses-sdk
8        android:minSdkVersion="14"
8-->src/main/AndroidManifest.xml
9        android:targetSdkVersion="29" />
9-->src/main/AndroidManifest.xml
10
11    <uses-permission android:name="android.permission.INTERNET" />
11-->src/main/AndroidManifest.xml:4:5-67
11-->src/main/AndroidManifest.xml:4:22-64
12
13    <application
13-->src/main/AndroidManifest.xml:7:5-25:19
14        android:allowBackup="true"
14-->src/main/AndroidManifest.xml:9:9-35
15        android:appComponentFactory="androidx.core.app.CoreComponentFactory"
15-->[androidx.core:core:1.0.1] AndroidManifest.xml:22:18-86
16        android:debuggable="true"
17        android:icon="@drawable/ic_movie_clapper"
17-->src/main/AndroidManifest.xml:10:9-50
18        android:label="@string/app_name"
18-->src/main/AndroidManifest.xml:14:9-41
19        android:roundIcon="@drawable/ic_movie_clapper"
19-->src/main/AndroidManifest.xml:15:9-55
20        android:supportsRtl="true"
20-->src/main/AndroidManifest.xml:16:9-35
21        android:theme="@style/AppTheme"
21-->src/main/AndroidManifest.xml:17:9-40
22        android:usesCleartextTraffic="true" >
22-->src/main/AndroidManifest.xml:8:9-44
23        <activity android:name="com.example.movieappwithpagination.MainActivity" >
23-->src/main/AndroidManifest.xml:18:9-24:20
23-->src/main/AndroidManifest.xml:18:19-47
24            <intent-filter>
24-->src/main/AndroidManifest.xml:19:13-23:29
25                <action android:name="android.intent.action.MAIN" />
25-->src/main/AndroidManifest.xml:20:17-69
25-->src/main/AndroidManifest.xml:20:25-66
26
27                <category android:name="android.intent.category.LAUNCHER" />
27-->src/main/AndroidManifest.xml:22:17-77
27-->src/main/AndroidManifest.xml:22:27-74
28            </intent-filter>
29        </activity>
30    </application>
31
32</manifest>